<?xml version="1.0" encoding="UTF-8"?>
<!-- Generated by org.testng.reporters.JUnitReportReporter -->
<testsuite hostname="LAPTOP-2DBSRI6Q" failures="0" tests="1" name="demo.CreateContactlistTest" time="4.428" errors="0" timestamp="2023-12-16T12:11:04 IST" skipped="0">
  <testcase classname="demo.CreateContactlistTest" name="m1Test" time="4.428"/>
  <system-out/>
</testsuite> <!-- demo.CreateContactlistTest -->
